JARVISv4 Backend Validation Session started at 2026-01-19T06:45:53.504435
Report File: reports\backend_validation_report_20260119_064553.txt
============================================================
SUCCESS: Using Python interpreter: backend\.venv\Scripts\python.exe (Python 3.12.10)

============================================================
UNIT TESTS
============================================================
FAILED: Unit: Unexpected error - 'charmap' codec can't encode character '\u2713' in position 2: character maps to <undefined>

============================================================
INTEGRATION TESTS
============================================================
FAILED: Integration: Unexpected error - 'charmap' codec can't encode character '\u2713' in position 2: character maps to <undefined>

============================================================
AGENTIC TESTS
============================================================
WARN: Directory tests/agentic not found. Skipping category.

============================================================
BACKEND VALIDATION SUMMARY
============================================================
Unit Tests:        FAIL
Integration Tests: FAIL
Agentic Tests:     WARN
============================================================

[INVARIANTS]
UNIT_TESTS=FAIL
INTEGRATION_TESTS=FAIL
AGENTIC_TESTS=WARN

!!! Validation failed - see specific component failures above